<?xml version="1.0" encoding="UTF-8"?>
<testsuite name="Ican find a city inside a state." tests="2" skipped="0" failures="1" errors="0" timestamp="2021-11-29T21:07:46" hostname="192.168.0.105" time="6.852">
  <properties/>
  <testcase name="Scenario Outline name: Snecario Outline name: As a Test Engineer, I want to validate that a text is present inside the list." classname="Ican find a city inside a state." time="5.371">
    <failure message="java.lang.Error: The text is not on the list : FAILED!" type="java.lang.Error">java.lang.Error: The text is not on the list : FAILED!
	at steps.ListSteps.theTableIsThere(ListSteps.java:31)
	at ✽.I can find Seattle, Washington in the list(src/test/resources/features/ListPageTests.feature:8)
</failure>
  </testcase>
  <testcase name="Scenario Outline name: Snecario Outline name: As a Test Engineer, I want to validate that a text is present inside the list." classname="Ican find a city inside a state." time="1.48"/>
  <system-out><![CDATA[..F..The text is on the list : PASSES.
.]]></system-out>
  <system-err><![CDATA[Starting ChromeDriver 95.0.4638.54 (d31a821ec901f68d0d34ccdbaea45b4c86ce543e-refs/branch-heads/4638@{#871}) on port 1449
Only local connections are allowed.
Please see https://chromedriver.chromium.org/security-considerations for suggestions on keeping ChromeDriver safe.
ChromeDriver was started successfully.
[1638220069.379][WARNING]: This version of ChromeDriver has not been tested with Chrome version 96.
nov 29, 2021 6:07:49 PM org.openqa.selenium.remote.ProtocolHandshake createSession
INFORMACI?N: Detected dialect: W3C
]]></system-err>
</testsuite>
